# JRE version: OpenJDK Runtime Environment (17.0.2+8) (build 17.0.2+8-86)
# Java VM: OpenJDK 64-Bit Server VM (17.0.2+8-86, mixed mode, sharing, tiered, compressed oops, compressed class ptrs, g1 gc, windows-amd64)
GC Precious Log:
 CPUs: 8 total, 8 available
 Memory: 11156M
 Large Page Support: Disabled
 NUMA Support: Disabled
 Compressed Oops: Enabled (32-bit)
 Heap Region Size: 1M
 Heap Min Capacity: 8M
 Heap Initial Capacity: 176M
 Heap Max Capacity: 2G
 Pre-touch: Disabled
 Parallel Workers: 8
 Concurrent Workers: 2
 Concurrent Refinement Workers: 8
 Periodic GC: Disabled
Heap:
 garbage-first heap   total 316416K, used 196471K [0x0000000080000000, 0x0000000100000000)
  region size 1024K, 19 young (19456K), 5 survivors (5120K)
 Metaspace       used 121473K, committed 122560K, reserved 1155072K
  class space    used 15819K, committed 16320K, reserved 1048576K
GC Heap History (20 events):
Event: 404.398 GC heap before
{Heap before GC invocations=53 (full 0):
 garbage-first heap   total 280576K, used 194644K [0x0000000080000000, 0x0000000100000000)
  region size 1024K, 59 young (60416K), 1 survivors (1024K)
 Metaspace       used 103780K, committed 104576K, reserved 1146880K
  class space    used 13597K, committed 13952K, reserved 1048576K
}
Event: 404.409 GC heap after
{Heap after GC invocations=54 (full 0):
 garbage-first heap   total 280576K, used 139411K [0x0000000080000000, 0x0000000100000000)
  region size 1024K, 5 young (5120K), 5 survivors (5120K)
 Metaspace       used 103780K, committed 104576K, reserved 1146880K
  class space    used 13597K, committed 13952K, reserved 1048576K
}
Event: 408.815 GC heap before
{Heap before GC invocations=54 (full 0):
 garbage-first heap   total 280576K, used 199827K [0x0000000080000000, 0x0000000100000000)
  region size 1024K, 65 young (66560K), 5 survivors (5120K)
 Metaspace       used 106531K, committed 107328K, reserved 1146880K
  class space    used 13935K, committed 14272K, reserved 1048576K
}
Event: 408.827 GC heap after
{Heap after GC invocations=55 (full 0):
 garbage-first heap   total 280576K, used 143379K [0x0000000080000000, 0x0000000100000000)
  region size 1024K, 5 young (5120K), 5 survivors (5120K)
 Metaspace       used 106531K, committed 107328K, reserved 1146880K
  class space    used 13935K, committed 14272K, reserved 1048576K
}
Event: 410.770 GC heap before
{Heap before GC invocations=55 (full 0):
 garbage-first heap   total 280576K, used 206867K [0x0000000080000000, 0x0000000100000000)
  region size 1024K, 67 young (68608K), 5 survivors (5120K)
 Metaspace       used 113016K, committed 113984K, reserved 1155072K
  class space    used 14814K, committed 15296K, reserved 1048576K
}
Event: 410.783 GC heap after
{Heap after GC invocations=56 (full 0):
 garbage-first heap   total 280576K, used 147382K [0x0000000080000000, 0x0000000100000000)
  region size 1024K, 9 young (9216K), 9 survivors (9216K)
 Metaspace       used 113016K, committed 113984K, reserved 1155072K
  class space    used 14814K, committed 15296K, reserved 1048576K
}
Event: 422.894 GC heap before
{Heap before GC invocations=56 (full 0):
 garbage-first heap   total 280576K, used 211894K [0x0000000080000000, 0x0000000100000000)
  region size 1024K, 73 young (74752K), 9 survivors (9216K)
 Metaspace       used 114366K, committed 115456K, reserved 1155072K
  class space    used 14972K, committed 15488K, reserved 1048576K
}
Event: 422.914 GC heap after
{Heap after GC invocations=57 (full 0):
 garbage-first heap   total 280576K, used 154335K [0x0000000080000000, 0x0000000100000000)
  region size 1024K, 10 young (10240K), 10 survivors (10240K)
 Metaspace       used 114366K, committed 115456K, reserved 1155072K
  class space    used 14972K, committed 15488K, reserved 1048576K
}
Event: 424.690 GC heap before
{Heap before GC invocations=57 (full 0):
 garbage-first heap   total 280576K, used 222943K [0x0000000080000000, 0x0000000100000000)
  region size 1024K, 68 young (69632K), 10 survivors (10240K)
 Metaspace       used 115754K, committed 116800K, reserved 1155072K
  class space    used 15136K, committed 15616K, reserved 1048576K
}
Event: 424.716 GC heap after
{Heap after GC invocations=58 (full 0):
 garbage-first heap   total 280576K, used 176591K [0x0000000080000000, 0x0000000100000000)
  region size 1024K, 9 young (9216K), 9 survivors (9216K)
 Metaspace       used 115754K, committed 116800K, reserved 1155072K
  class space    used 15136K, committed 15616K, reserved 1048576K
}
Event: 426.062 GC heap before
{Heap before GC invocations=59 (full 0):
 garbage-first heap   total 312320K, used 221647K [0x0000000080000000, 0x0000000100000000)
  region size 1024K, 48 young (49152K), 9 survivors (9216K)
 Metaspace       used 117634K, committed 118656K, reserved 1155072K
  class space    used 15316K, committed 15808K, reserved 1048576K
}
Event: 426.077 GC heap after
{Heap after GC invocations=60 (full 0):
 garbage-first heap   total 312320K, used 180975K [0x0000000080000000, 0x0000000100000000)
  region size 1024K, 3 young (3072K), 3 survivors (3072K)
 Metaspace       used 117634K, committed 118656K, reserved 1155072K
  class space    used 15316K, committed 15808K, reserved 1048576K
}
Event: 426.347 GC heap before
{Heap before GC invocations=60 (full 0):
 garbage-first heap   total 312320K, used 192239K [0x0000000080000000, 0x0000000100000000)
  region size 1024K, 15 young (15360K), 3 survivors (3072K)
 Metaspace       used 117813K, committed 118912K, reserved 1155072K
  class space    used 15351K, committed 15872K, reserved 1048576K
}
Event: 426.356 GC heap after
{Heap after GC invocations=61 (full 0):
 garbage-first heap   total 312320K, used 179439K [0x0000000080000000, 0x0000000100000000)
  region size 1024K, 1 young (1024K), 1 survivors (1024K)
 Metaspace       used 117813K, committed 118912K, reserved 1155072K
  class space    used 15351K, committed 15872K, reserved 1048576K
}
Event: 491.908 GC heap before
{Heap before GC invocations=61 (full 0):
 garbage-first heap   total 312320K, used 244975K [0x0000000080000000, 0x0000000100000000)
  region size 1024K, 66 young (67584K), 1 survivors (1024K)
 Metaspace       used 118924K, committed 119936K, reserved 1155072K
  class space    used 15487K, committed 16000K, reserved 1048576K
}
Event: 491.929 GC heap after
{Heap after GC invocations=62 (full 0):
 garbage-first heap   total 312320K, used 185395K [0x0000000080000000, 0x0000000100000000)
  region size 1024K, 7 young (7168K), 7 survivors (7168K)
 Metaspace       used 118924K, committed 119936K, reserved 1155072K
  class space    used 15487K, committed 16000K, reserved 1048576K
}
Event: 499.691 GC heap before
{Heap before GC invocations=62 (full 0):
 garbage-first heap   total 312320K, used 248883K [0x0000000080000000, 0x0000000100000000)
  region size 1024K, 70 young (71680K), 7 survivors (7168K)
 Metaspace       used 119753K, committed 120768K, reserved 1155072K
  class space    used 15577K, committed 16064K, reserved 1048576K
}
Event: 499.715 GC heap after
{Heap after GC invocations=63 (full 0):
 garbage-first heap   total 312320K, used 194873K [0x0000000080000000, 0x0000000100000000)
  region size 1024K, 9 young (9216K), 9 survivors (9216K)
 Metaspace       used 119753K, committed 120768K, reserved 1155072K
  class space    used 15577K, committed 16064K, reserved 1048576K
}
Event: 533.889 GC heap before
{Heap before GC invocations=63 (full 0):
 garbage-first heap   total 312320K, used 251193K [0x0000000080000000, 0x0000000100000000)
  region size 1024K, 65 young (66560K), 9 survivors (9216K)
 Metaspace       used 121450K, committed 122496K, reserved 1155072K
  class space    used 15818K, committed 16320K, reserved 1048576K
}
Event: 533.903 GC heap after
{Heap after GC invocations=64 (full 0):
 garbage-first heap   total 312320K, used 198519K [0x0000000080000000, 0x0000000100000000)
  region size 1024K, 5 young (5120K), 5 survivors (5120K)
 Metaspace       used 121450K, committed 122496K, reserved 1155072K
  class space    used 15818K, committed 16320K, reserved 1048576K
}

